Arguments: 
  /usr/bin/node /usr/share/yarn/bin/yarn.js add --dev @symfont/webpack-encore

PATH: 
  /usr/local/bin:/usr/local/sbin:/usr/bin:/bin:/usr/games:/home/yohan/.yarn/bin:/home/yohan/Android/Sdk/platform-tools:/home/yohan/Android/Sdk/build-tools/28.0.3

Yarn version: 
  1.17.3

Node version: 
  10.16.2

Platform: 
  linux x64

Trace: 
  Error: https://registry.yarnpkg.com/@symfont%2fwebpack-encore: Not found
      at Request.params.callback [as _callback] (/usr/share/yarn/lib/cli.js:66830:18)
      at Request.self.callback (/usr/share/yarn/lib/cli.js:140464:22)
      at Request.emit (events.js:198:13)
      at Request.<anonymous> (/usr/share/yarn/lib/cli.js:141436:10)
      at Request.emit (events.js:198:13)
      at IncomingMessage.<anonymous> (/usr/share/yarn/lib/cli.js:141358:12)
      at Object.onceWrapper (events.js:286:20)
      at IncomingMessage.emit (events.js:203:15)
      at endReadableNT (_stream_readable.js:1145:12)
      at process._tickCallback (internal/process/next_tick.js:63:19)

npm manifest: 
  {
    "name": "@un-zero-un/dropdown-nav",
    "version": "0.1.0",
    "description": "A simple dropdown navigation for good ol' server side websites",
    "main": "src/index.js",
    "author": "Yohan Giarelli <yohan@un-zero-un.fr>",
    "license": "MIT"
  }

yarn manifest: 
  No manifest

Lockfile: 
  No lockfile
